latest-loom: 1.15-SNAPSHOT

> Configure project :
Fabric Loom: 1.15.5
Fabric Loader: 0.18.4
Fabric Api: 0.116.9+1.21.1
Parchment: 1.21.1 + 2024.11.17

> Task :compileJava UP-TO-DATE
> Task :processResources UP-TO-DATE
> Task :classes UP-TO-DATE
> Task :compileClientJava UP-TO-DATE
> Task :processClientResources UP-TO-DATE
> Task :jar UP-TO-DATE
> Task :processIncludeJars UP-TO-DATE
> Task :remapJar UP-TO-DATE
> Task :remapSourcesJar SKIPPED
> Task :assemble UP-TO-DATE
> Task :clientClasses UP-TO-DATE
> Task :compileTestJava NO-SOURCE
> Task :processTestResources NO-SOURCE
> Task :testClasses UP-TO-DATE
> Task :test NO-SOURCE
> Task :validateAccessWidener UP-TO-DATE
> Task :check UP-TO-DATE
> Task :build UP-TO-DATE

BUILD SUCCESSFUL in 6s
8 actionable tasks: 8 up-to-date
Consider enabling configuration cache to speed up this build: https://docs.gradle.org/9.2.0/userguide/configuration_cache_enabling.html
